<?xml version="1.0" encoding="UTF-8"?>
<!-- Generated by org.testng.reporters.JUnitReportReporter -->
<testsuite hostname="MSI" failures="0" tests="1" name="tests.HomePageTest" time="2.167" errors="0" timestamp="2023-12-02T10:04:06 IST" skipped="0">
  <testcase classname="tests.HomePageTest" name="test_getTitle_page" time="2.167"/>
  <system-out/>
</testsuite> <!-- tests.HomePageTest -->
