<?xml version="1.0" encoding="UTF-8"?>
<!-- Generated by org.testng.reporters.JUnitReportReporter -->
<testsuite hostname="MSI" failures="0" tests="2" name="tests.LoginTest" time="0.897" errors="0" timestamp="2023-12-02T10:04:06 IST" skipped="0">
  <testcase classname="tests.LoginTest" name="test_login" time="0.891"/>
  <system-out/>
  <testcase classname="tests.LoginTest" name="test_getTitle" time="0.006"/>
  <system-out/>
</testsuite> <!-- tests.LoginTest -->
