<?xml version="1.0" encoding="UTF-8"?>
<!-- Generated by org.testng.reporters.JUnitReportReporter -->
<testsuite hostname="MSI" failures="0" tests="2" name="tests.LoginTest" time="1.107" errors="0" timestamp="2023-12-01T15:38:18 IST" skipped="0">
  <testcase classname="tests.LoginTest" name="test_login" time="1.100"/>
  <system-out/>
  <testcase classname="tests.LoginTest" name="test_getTitle" time="0.007"/>
  <system-out/>
</testsuite> <!-- tests.LoginTest -->
